{"/home/michael/web-dev/fsd_step_4/src/view/view.ts": {"path":"/home/michael/web-dev/fsd_step_4/src/view/view.ts","statementMap":{"0":{"start":{"line":1,"column":0},"end":{"line":1,"column":22}},"1":{"start":{"line":3,"column":0},"end":{"line":3,"column":37}},"2":{"start":{"line":4,"column":0},"end":{"line":4,"column":41}},"3":{"start":{"line":14,"column":8},"end":{"line":14,"column":54}},"4":{"start":{"line":15,"column":8},"end":{"line":15,"column":27}},"5":{"start":{"line":16,"column":8},"end":{"line":16,"column":31}},"6":{"start":{"line":37,"column":8},"end":{"line":37,"column":57}},"7":{"start":{"line":41,"column":8},"end":{"line":41,"column":59}},"8":{"start":{"line":49,"column":8},"end":{"line":49,"column":80}},"9":{"start":{"line":50,"column":8},"end":{"line":50,"column":41}},"10":{"start":{"line":51,"column":8},"end":{"line":51,"column":40}},"11":{"start":{"line":52,"column":8},"end":{"line":52,"column":27}},"12":{"start":{"line":56,"column":0},"end":{"line":56,"column":26}}},"fnMap":{"0":{"name":"(anonymous_1)","decl":{"start":{"line":13,"column":4},"end":{"line":13,"column":null}},"loc":{"start":{"line":13,"column":4},"end":{"line":18,"column":5}}},"1":{"name":"(anonymous_2)","decl":{"start":{"line":36,"column":4},"end":{"line":36,"column":19}},"loc":{"start":{"line":36,"column":19},"end":{"line":38,"column":5}}},"2":{"name":"(anonymous_3)","decl":{"start":{"line":40,"column":4},"end":{"line":40,"column":21}},"loc":{"start":{"line":40,"column":21},"end":{"line":42,"column":5}}},"3":{"name":"(anonymous_4)","decl":{"start":{"line":48,"column":4},"end":{"line":48,"column":10}},"loc":{"start":{"line":48,"column":32},"end":{"line":53,"column":5}}}},"branchMap":{"0":{"loc":{"start":{"line":48,"column":30},"end":{"line":48,"column":32}},"type":"default-arg","locations":[{"start":{"line":48,"column":30},"end":{"line":48,"column":32}}]}},"s":{"0":1,"1":1,"2":1,"3":3,"4":3,"5":3,"6":1,"7":1,"8":1,"9":1,"10":1,"11":1,"12":1},"f":{"0":3,"1":1,"2":1,"3":1},"b":{"0":[1]}}
,"/home/michael/web-dev/fsd_step_4/src/view/components/rail/index.ts": {"path":"/home/michael/web-dev/fsd_step_4/src/view/components/rail/index.ts","statementMap":{"0":{"start":{"line":1,"column":0},"end":{"line":1,"column":26}},"1":{"start":{"line":2,"column":0},"end":{"line":2,"column":20}}},"fnMap":{},"branchMap":{},"s":{"0":1,"1":1},"f":{},"b":{}}
,"/home/michael/web-dev/fsd_step_4/src/view/components/rail/rail.ts": {"path":"/home/michael/web-dev/fsd_step_4/src/view/components/rail/rail.ts","statementMap":{"0":{"start":{"line":1,"column":0},"end":{"line":1,"column":23}},"1":{"start":{"line":3,"column":13},"end":{"line":5,"column":1}},"2":{"start":{"line":4,"column":4},"end":{"line":4,"column":null}},"3":{"start":{"line":7,"column":0},"end":{"line":7,"column":20}}},"fnMap":{"0":{"name":"(anonymous_1)","decl":{"start":{"line":3,"column":13},"end":{"line":3,"column":24}},"loc":{"start":{"line":3,"column":26},"end":{"line":5,"column":1}}}},"branchMap":{},"s":{"0":2,"1":2,"2":5,"3":2},"f":{"0":5},"b":{}}
,"/home/michael/web-dev/fsd_step_4/src/view/components/slider/index.ts": {"path":"/home/michael/web-dev/fsd_step_4/src/view/components/slider/index.ts","statementMap":{"0":{"start":{"line":1,"column":0},"end":{"line":1,"column":30}},"1":{"start":{"line":2,"column":0},"end":{"line":2,"column":22}}},"fnMap":{},"branchMap":{},"s":{"0":1,"1":1},"f":{},"b":{}}
,"/home/michael/web-dev/fsd_step_4/src/view/components/slider/slider.ts": {"path":"/home/michael/web-dev/fsd_step_4/src/view/components/slider/slider.ts","statementMap":{"0":{"start":{"line":1,"column":0},"end":{"line":1,"column":23}},"1":{"start":{"line":3,"column":15},"end":{"line":5,"column":1}},"2":{"start":{"line":4,"column":4},"end":{"line":4,"column":71}},"3":{"start":{"line":7,"column":0},"end":{"line":7,"column":22}}},"fnMap":{"0":{"name":"(anonymous_1)","decl":{"start":{"line":3,"column":15},"end":{"line":3,"column":16}},"loc":{"start":{"line":3,"column":49},"end":{"line":5,"column":1}}}},"branchMap":{"0":{"loc":{"start":{"line":3,"column":35},"end":{"line":3,"column":37}},"type":"default-arg","locations":[{"start":{"line":3,"column":35},"end":{"line":3,"column":37}}]}},"s":{"0":2,"1":2,"2":5,"3":2},"f":{"0":5},"b":{"0":[5]}}
}
