{"/home/michael/web-dev/fsd_step_4/src/model.ts": {"path":"/home/michael/web-dev/fsd_step_4/src/model.ts","statementMap":{"0":{"start":{"line":1,"column":0},"end":{"line":1,"column":null}},"1":{"start":{"line":32,"column":16},"end":{"line":32,"column":null}},"2":{"start":{"line":33,"column":16},"end":{"line":33,"column":null}},"3":{"start":{"line":34,"column":16},"end":{"line":34,"column":null}},"4":{"start":{"line":36,"column":8},"end":{"line":36,"column":28}},"5":{"start":{"line":37,"column":8},"end":{"line":37,"column":28}},"6":{"start":{"line":38,"column":8},"end":{"line":38,"column":26}},"7":{"start":{"line":39,"column":8},"end":{"line":39,"column":41}},"8":{"start":{"line":6,"column":4},"end":{"line":8,"column":null}},"9":{"start":{"line":7,"column":8},"end":{"line":7,"column":30}},"10":{"start":{"line":10,"column":8},"end":{"line":16,"column":10}},"11":{"start":{"line":11,"column":12},"end":{"line":11,"column":73}},"12":{"start":{"line":12,"column":15},"end":{"line":16,"column":10}},"13":{"start":{"line":13,"column":12},"end":{"line":13,"column":73}},"14":{"start":{"line":15,"column":12},"end":{"line":15,"column":35}},"15":{"start":{"line":20,"column":4},"end":{"line":22,"column":null}},"16":{"start":{"line":21,"column":8},"end":{"line":21,"column":26}},"17":{"start":{"line":24,"column":8},"end":{"line":27,"column":10}},"18":{"start":{"line":25,"column":12},"end":{"line":25,"column":31}},"19":{"start":{"line":26,"column":12},"end":{"line":26,"column":18}},"20":{"start":{"line":28,"column":8},"end":{"line":28,"column":61}},"21":{"start":{"line":42,"column":0},"end":{"line":42,"column":2}},"22":{"start":{"line":44,"column":0},"end":{"line":44,"column":22}}},"fnMap":{"0":{"name":"(anonymous_0)","decl":{"start":{"line":1,"column":0},"end":{"line":1,"column":null}},"loc":{"start":{"line":1,"column":0},"end":{"line":42,"column":1}}},"1":{"name":"Slider","decl":{"start":{"line":32,"column":4},"end":{"line":32,"column":16}},"loc":{"start":{"line":34,"column":32},"end":{"line":41,"column":5}}},"2":{"name":"(anonymous_2)","decl":{"start":{"line":6,"column":4},"end":{"line":6,"column":15}},"loc":{"start":{"line":6,"column":4},"end":{"line":8,"column":5}}},"3":{"name":"(anonymous_3)","decl":{"start":{"line":9,"column":4},"end":{"line":9,"column":24}},"loc":{"start":{"line":9,"column":37},"end":{"line":17,"column":5}}},"4":{"name":"(anonymous_4)","decl":{"start":{"line":20,"column":4},"end":{"line":20,"column":15}},"loc":{"start":{"line":20,"column":4},"end":{"line":22,"column":5}}},"5":{"name":"(anonymous_5)","decl":{"start":{"line":23,"column":4},"end":{"line":23,"column":20}},"loc":{"start":{"line":23,"column":33},"end":{"line":29,"column":5}}}},"branchMap":{"0":{"loc":{"start":{"line":32,"column":16},"end":{"line":32,"column":null}},"type":"if","locations":[{"start":{"line":32,"column":16},"end":{"line":32,"column":null}},{"start":{"line":32,"column":16},"end":{"line":32,"column":null}}]},"1":{"loc":{"start":{"line":33,"column":16},"end":{"line":33,"column":null}},"type":"if","locations":[{"start":{"line":33,"column":16},"end":{"line":33,"column":null}},{"start":{"line":33,"column":16},"end":{"line":33,"column":null}}]},"2":{"loc":{"start":{"line":34,"column":16},"end":{"line":34,"column":null}},"type":"if","locations":[{"start":{"line":34,"column":16},"end":{"line":34,"column":null}},{"start":{"line":34,"column":16},"end":{"line":34,"column":null}}]},"3":{"loc":{"start":{"line":10,"column":8},"end":{"line":16,"column":10}},"type":"if","locations":[{"start":{"line":10,"column":8},"end":{"line":16,"column":10}},{"start":{"line":10,"column":8},"end":{"line":16,"column":10}}]},"4":{"loc":{"start":{"line":12,"column":15},"end":{"line":16,"column":10}},"type":"if","locations":[{"start":{"line":12,"column":15},"end":{"line":16,"column":10}},{"start":{"line":12,"column":15},"end":{"line":16,"column":10}}]},"5":{"loc":{"start":{"line":24,"column":8},"end":{"line":27,"column":10}},"type":"if","locations":[{"start":{"line":24,"column":8},"end":{"line":27,"column":10}},{"start":{"line":24,"column":8},"end":{"line":27,"column":10}}]}},"s":{"0":1,"1":13,"2":13,"3":13,"4":7,"5":7,"6":7,"7":7,"8":1,"9":4,"10":5,"11":1,"12":4,"13":1,"14":3,"15":1,"16":2,"17":2,"18":1,"19":1,"20":1,"21":1,"22":1},"f":{"0":1,"1":7,"2":4,"3":5,"4":2,"5":2},"b":{"0":[6,1],"1":[6,1],"2":[6,1],"3":[1,4],"4":[1,3],"5":[1,1]}}
}
