TN:
SF:src/view/view.ts
FN:13,(anonymous_1)
FN:48,(anonymous_2)
FNF:2
FNH:2
FNDA:1,(anonymous_1)
FNDA:1,(anonymous_2)
DA:1,1
DA:3,1
DA:4,1
DA:14,1
DA:15,1
DA:16,1
DA:49,1
DA:50,1
DA:51,1
DA:52,1
DA:56,1
LF:11
LH:11
BRDA:48,0,0,1
BRF:1
BRH:1
end_of_record
TN:
SF:src/view/components/rail/index.ts
FNF:0
FNH:0
DA:1,1
DA:2,1
LF:2
LH:2
BRF:0
BRH:0
end_of_record
TN:
SF:src/view/components/rail/rail.ts
FN:3,(anonymous_1)
FNF:1
FNH:1
FNDA:3,(anonymous_1)
DA:1,2
DA:3,2
DA:4,3
DA:7,2
LF:4
LH:4
BRF:0
BRH:0
end_of_record
TN:
SF:src/view/components/slider/index.ts
FNF:0
FNH:0
DA:1,1
DA:2,1
LF:2
LH:2
BRF:0
BRH:0
end_of_record
TN:
SF:src/view/components/slider/slider.ts
FN:3,(anonymous_1)
FNF:1
FNH:1
FNDA:3,(anonymous_1)
DA:1,2
DA:3,2
DA:4,3
DA:7,2
LF:4
LH:4
BRDA:3,0,0,3
BRF:1
BRH:1
end_of_record
