TN:
SF:src/controller.ts
FN:1,(anonymous_0)
FN:5,SliderController
FN:13,(anonymous_2)
FN:18,(anonymous_3)
FN:22,(anonymous_4)
FNF:5
FNH:5
FNDA:1,(anonymous_0)
FNDA:1,SliderController
FNDA:1,(anonymous_2)
FNDA:1,(anonymous_3)
FNDA:1,(anonymous_4)
DA:1,1
DA:6,1
DA:7,1
DA:13,1
DA:15,1
DA:18,1
DA:19,1
DA:22,1
DA:23,1
DA:28,1
DA:30,1
LF:11
LH:11
BRF:0
BRH:0
end_of_record
TN:
SF:src/model.ts
FN:1,(anonymous_0)
FN:32,Slider
FN:6,(anonymous_2)
FN:9,(anonymous_3)
FN:20,(anonymous_4)
FN:23,(anonymous_5)
FNF:6
FNH:6
FNDA:2,(anonymous_0)
FNDA:8,Slider
FNDA:4,(anonymous_2)
FNDA:6,(anonymous_3)
FNDA:2,(anonymous_4)
FNDA:2,(anonymous_5)
DA:1,2
DA:6,2
DA:7,4
DA:9,2
DA:10,6
DA:11,1
DA:12,5
DA:13,1
DA:15,4
DA:20,2
DA:21,2
DA:23,2
DA:24,2
DA:25,1
DA:26,1
DA:28,1
DA:32,15
DA:33,15
DA:34,15
DA:36,8
DA:37,8
DA:38,8
DA:39,8
DA:42,2
DA:44,2
LF:25
LH:25
BRDA:32,0,0,7
BRDA:32,0,1,1
BRDA:33,1,0,7
BRDA:33,1,1,1
BRDA:34,2,0,7
BRDA:34,2,1,1
BRDA:10,3,0,1
BRDA:10,3,1,5
BRDA:12,4,0,1
BRDA:12,4,1,4
BRDA:24,5,0,1
BRDA:24,5,1,1
BRF:12
BRH:12
end_of_record
TN:
SF:src/view.ts
FN:3,(anonymous_1)
FN:11,SliderView
FN:19,(anonymous_3)
FN:23,(anonymous_4)
FN:27,(anonymous_5)
FN:28,(anonymous_6)
FN:33,(anonymous_7)
FN:37,(anonymous_8)
FNF:8
FNH:6
FNDA:2,(anonymous_1)
FNDA:3,SliderView
FNDA:0,(anonymous_3)
FNDA:1,(anonymous_4)
FNDA:1,(anonymous_5)
FNDA:0,(anonymous_6)
FNDA:1,(anonymous_7)
FNDA:1,(anonymous_8)
DA:1,2
DA:3,2
DA:12,3
DA:13,3
DA:14,3
DA:15,3
DA:19,2
DA:20,0
DA:23,2
DA:24,1
DA:27,2
DA:28,1
DA:29,0
DA:33,2
DA:34,1
DA:37,2
DA:39,1
DA:45,2
DA:47,2
LF:19
LH:17
BRF:0
BRH:0
end_of_record
